[01m[K/home/oski/catkin_ws/src/darknet_ros/darknet/src/gemm.c:[m[K In function ‘[01m[Ktime_gpu[m[K’:
[01m[K/home/oski/catkin_ws/src/darknet_ros/darknet/src/gemm.c:232:9:[m[K [01;35m[Kwarning: [m[K‘[01m[KcudaThreadSynchronize[m[K’ is deprecated [[01;35m[K-Wdeprecated-declarations[m[K]
         [01;35m[KcudaThreadSynchronize[m[K();
         [01;35m[K^~~~~~~~~~~~~~~~~~~~~[m[K
In file included from [01m[K/usr/include/cuda_runtime.h:96[m[K,
                 from [01m[K/home/oski/catkin_ws/src/darknet_ros/darknet/include/darknet.h:11[m[K,
                 from [01m[K/home/oski/catkin_ws/src/darknet_ros/darknet/src/utils.h:5[m[K,
                 from [01m[K/home/oski/catkin_ws/src/darknet_ros/darknet/src/gemm.c:2[m[K:
[01m[K/usr/include/cuda_runtime_api.h:957:57:[m[K [01;36m[Knote: [m[Kdeclared here
 extern __CUDA_DEPRECATED __host__ cudaError_t CUDARTAPI [01;36m[KcudaThreadSynchronize[m[K(void);
                                                         [01;36m[K^~~~~~~~~~~~~~~~~~~~~[m[K
[01m[K/home/oski/catkin_ws/src/darknet_ros/darknet_ros/src/image_interface.cpp:[m[K In function ‘[01m[Kimage** load_alphabet_with_file(char*)[m[K’:
[01m[K/home/oski/catkin_ws/src/darknet_ros/darknet_ros/src/image_interface.cpp:20:18:[m[K [01;35m[Kwarning: [m[KISO C++ forbids converting a string constant to ‘[01m[Kchar*[m[K’ [[01;35m[K-Wwrite-strings[m[K]
   20 |   char* labels = [01;35m[K"/labels/%d_%d.png"[m[K;
      |                  [01;35m[K^~~~~~~~~~~~~~~~~~~[m[K
[01m[K/home/oski/catkin_ws/src/darknet_ros/darknet/src/image_opencv.cpp:[m[K In function ‘[01m[Kimage load_image_cv(char*, int)[m[K’:
[01m[K/home/oski/catkin_ws/src/darknet_ros/darknet/src/image_opencv.cpp:89:15:[m[K [01;35m[Kwarning: [m[Kignoring return value of ‘[01m[Kint system(const char*)[m[K’, declared with attribute warn_unused_result [[01;35m[K-Wunused-result[m[K]
   89 |         [01;35m[Ksystem(buff)[m[K;
      |         [01;35m[K~~~~~~^~~~~~[m[K
/usr/bin/ld: warning: libopencv_highgui.so.4.2, needed by /home/oski/catkin_ws/devel/.private/darknet_ros/lib/libdarknet_ros_lib.so, may conflict with libopencv_highgui.so.405
/usr/bin/ld: warning: libopencv_videoio.so.4.2, needed by /home/oski/catkin_ws/devel/.private/darknet_ros/lib/libdarknet_ros_lib.so, may conflict with libopencv_videoio.so.405
