Linked: (/home/oski/catkin_ws/devel/.private/drone_msgs/include/drone_msgs/PixelCoords.h, /home/oski/catkin_ws/devel/include/drone_msgs/PixelCoords.h)
Symlinking /home/oski/catkin_ws/devel/include/drone_msgs/pose_velsResponse.h
Symlinking /home/oski/catkin_ws/devel/include/drone_msgs/pose_vels.h
Symlinking /home/oski/catkin_ws/devel/include/drone_msgs/pose_velsRequest.h
Linked: (/home/oski/catkin_ws/devel/.private/drone_msgs/share/roseus/ros/drone_msgs/manifest.l, /home/oski/catkin_ws/devel/share/roseus/ros/drone_msgs/manifest.l)
Symlinking /home/oski/catkin_ws/devel/share/roseus/ros/drone_msgs/srv/pose_vels.l
Linked: (/home/oski/catkin_ws/devel/.private/drone_msgs/share/roseus/ros/drone_msgs/msg/PixelCoords.l, /home/oski/catkin_ws/devel/share/roseus/ros/drone_msgs/msg/PixelCoords.l)
Linked: (/home/oski/catkin_ws/devel/.private/drone_msgs/share/gennodejs/ros/drone_msgs/_index.js, /home/oski/catkin_ws/devel/share/gennodejs/ros/drone_msgs/_index.js)
Symlinking /home/oski/catkin_ws/devel/share/gennodejs/ros/drone_msgs/srv/_index.js
Symlinking /home/oski/catkin_ws/devel/share/gennodejs/ros/drone_msgs/srv/pose_vels.js
Linked: (/home/oski/catkin_ws/devel/.private/drone_msgs/share/gennodejs/ros/drone_msgs/msg/PixelCoords.js, /home/oski/catkin_ws/devel/share/gennodejs/ros/drone_msgs/msg/PixelCoords.js)
Linked: (/home/oski/catkin_ws/devel/.private/drone_msgs/share/gennodejs/ros/drone_msgs/msg/_index.js, /home/oski/catkin_ws/devel/share/gennodejs/ros/drone_msgs/msg/_index.js)
Symlinking /home/oski/catkin_ws/devel/share/common-lisp/ros/drone_msgs/srv/drone_msgs-srv.asd
Symlinking /home/oski/catkin_ws/devel/share/common-lisp/ros/drone_msgs/srv/_package.lisp
Symlinking /home/oski/catkin_ws/devel/share/common-lisp/ros/drone_msgs/srv/pose_vels.lisp
Symlinking /home/oski/catkin_ws/devel/share/common-lisp/ros/drone_msgs/srv/_package_pose_vels.lisp
Linked: (/home/oski/catkin_ws/devel/.private/drone_msgs/share/common-lisp/ros/drone_msgs/msg/PixelCoords.lisp, /home/oski/catkin_ws/devel/share/common-lisp/ros/drone_msgs/msg/PixelCoords.lisp)
Linked: (/home/oski/catkin_ws/devel/.private/drone_msgs/share/common-lisp/ros/drone_msgs/msg/drone_msgs-msg.asd, /home/oski/catkin_ws/devel/share/common-lisp/ros/drone_msgs/msg/drone_msgs-msg.asd)
Linked: (/home/oski/catkin_ws/devel/.private/drone_msgs/share/common-lisp/ros/drone_msgs/msg/_package.lisp, /home/oski/catkin_ws/devel/share/common-lisp/ros/drone_msgs/msg/_package.lisp)
Linked: (/home/oski/catkin_ws/devel/.private/drone_msgs/share/common-lisp/ros/drone_msgs/msg/_package_PixelCoords.lisp, /home/oski/catkin_ws/devel/share/common-lisp/ros/drone_msgs/msg/_package_PixelCoords.lisp)
Linked: (/home/oski/catkin_ws/devel/.private/drone_msgs/share/drone_msgs/cmake/drone_msgsConfig-version.cmake, /home/oski/catkin_ws/devel/share/drone_msgs/cmake/drone_msgsConfig-version.cmake)
Linked: (/home/oski/catkin_ws/devel/.private/drone_msgs/share/drone_msgs/cmake/drone_msgsConfig.cmake, /home/oski/catkin_ws/devel/share/drone_msgs/cmake/drone_msgsConfig.cmake)
Linked: (/home/oski/catkin_ws/devel/.private/drone_msgs/share/drone_msgs/cmake/drone_msgs-msg-paths.cmake, /home/oski/catkin_ws/devel/share/drone_msgs/cmake/drone_msgs-msg-paths.cmake)
Linked: (/home/oski/catkin_ws/devel/.private/drone_msgs/share/drone_msgs/cmake/drone_msgs-msg-extras.cmake, /home/oski/catkin_ws/devel/share/drone_msgs/cmake/drone_msgs-msg-extras.cmake)
Linked: (/home/oski/catkin_ws/devel/.private/drone_msgs/lib/python3/dist-packages/drone_msgs/__init__.py, /home/oski/catkin_ws/devel/lib/python3/dist-packages/drone_msgs/__init__.py)
Symlinking /home/oski/catkin_ws/devel/lib/python3/dist-packages/drone_msgs/srv/__init__.py
Symlinking /home/oski/catkin_ws/devel/lib/python3/dist-packages/drone_msgs/srv/_pose_vels.py
Linked: (/home/oski/catkin_ws/devel/.private/drone_msgs/lib/python3/dist-packages/drone_msgs/msg/_PixelCoords.py, /home/oski/catkin_ws/devel/lib/python3/dist-packages/drone_msgs/msg/_PixelCoords.py)
Linked: (/home/oski/catkin_ws/devel/.private/drone_msgs/lib/python3/dist-packages/drone_msgs/msg/__init__.py, /home/oski/catkin_ws/devel/lib/python3/dist-packages/drone_msgs/msg/__init__.py)
Linked: (/home/oski/catkin_ws/devel/.private/drone_msgs/lib/pkgconfig/drone_msgs.pc, /home/oski/catkin_ws/devel/lib/pkgconfig/drone_msgs.pc)
