[35m[1mScanning dependencies of target std_msgs_generate_messages_cpp[0m
[35m[1mScanning dependencies of target _drone_msgs_generate_messages_check_deps_pose_vels[0m
[35m[1mScanning dependencies of target std_msgs_generate_messages_py[0m
[35m[1mScanning dependencies of target _drone_msgs_generate_messages_check_deps_PixelCoords[0m
[35m[1mScanning dependencies of target std_msgs_generate_messages_eus[0m
[35m[1mScanning dependencies of target std_msgs_generate_messages_lisp[0m
[35m[1mScanning dependencies of target std_msgs_generate_messages_nodejs[0m
[  0%] Built target std_msgs_generate_messages_cpp
[  0%] Built target std_msgs_generate_messages_py
[  0%] Built target std_msgs_generate_messages_eus
[  0%] Built target std_msgs_generate_messages_nodejs
[  0%] Built target std_msgs_generate_messages_lisp
[  0%] Built target _drone_msgs_generate_messages_check_deps_PixelCoords
[  0%] Built target _drone_msgs_generate_messages_check_deps_pose_vels
[35m[1mScanning dependencies of target drone_msgs_generate_messages_py[0m
[35m[1mScanning dependencies of target drone_msgs_generate_messages_nodejs[0m
[35m[1mScanning dependencies of target drone_msgs_generate_messages_lisp[0m
[35m[1mScanning dependencies of target drone_msgs_generate_messages_cpp[0m
[35m[1mScanning dependencies of target drone_msgs_generate_messages_eus[0m
[  8%] [34m[1mGenerating Javascript code from drone_msgs/PixelCoords.msg[0m
[ 25%] [34m[1mGenerating Python from MSG drone_msgs/pose_vels[0m
[ 25%] [34m[1mGenerating C++ code from drone_msgs/pose_vels.msg[0m
[ 33%] [34m[1mGenerating EusLisp code from drone_msgs/pose_vels.msg[0m
[ 41%] [34m[1mGenerating Lisp code from drone_msgs/pose_vels.msg[0m
[ 50%] [34m[1mGenerating EusLisp manifest code for drone_msgs[0m
[ 58%] [34m[1mGenerating Python from MSG drone_msgs/PixelCoords[0m
[ 66%] [34m[1mGenerating Javascript code from drone_msgs/pose_vels.msg[0m
[ 75%] [34m[1mGenerating Lisp code from drone_msgs/PixelCoords.msg[0m
[ 83%] [34m[1mGenerating C++ code from drone_msgs/PixelCoords.msg[0m
[ 91%] [34m[1mGenerating EusLisp code from drone_msgs/PixelCoords.msg[0m
[ 91%] Built target drone_msgs_generate_messages_lisp
[ 91%] Built target drone_msgs_generate_messages_nodejs
[ 91%] Built target drone_msgs_generate_messages_cpp
[100%] [34m[1mGenerating Python msg __init__.py for drone_msgs[0m
[100%] Built target drone_msgs_generate_messages_py
[100%] Built target drone_msgs_generate_messages_eus
[35m[1mScanning dependencies of target drone_msgs_generate_messages[0m
[100%] Built target drone_msgs_generate_messages
