[  0%] Built target std_msgs_generate_messages_py
[  0%] Built target std_msgs_generate_messages_lisp
[  0%] Built target std_msgs_generate_messages_nodejs
[  0%] Built target std_msgs_generate_messages_eus
[  0%] Built target std_msgs_generate_messages_cpp
[  0%] Built target _drone_msgs_generate_messages_check_deps_pose_vels
[  0%] Built target _drone_msgs_generate_messages_check_deps_PixelCoords
[ 15%] [34m[1mGenerating Python from MSG drone_msgs/pose_vels[0m
[ 15%] [34m[1mGenerating Lisp code from drone_msgs/pose_vels.msg[0m
[ 23%] [34m[1mGenerating EusLisp code from drone_msgs/pose_vels.msg[0m
[ 30%] [34m[1mGenerating C++ code from drone_msgs/pose_vels.msg[0m
[ 38%] [34m[1mGenerating Javascript code from drone_msgs/pose_vels.msg[0m
[ 46%] Built target drone_msgs_generate_messages_nodejs
[ 53%] Built target drone_msgs_generate_messages_lisp
[ 69%] Built target drone_msgs_generate_messages_eus
[ 76%] Built target drone_msgs_generate_messages_cpp
[ 92%] [34m[1mGenerating Python msg __init__.py for drone_msgs[0m
[ 92%] [34m[1mGenerating Python srv __init__.py for drone_msgs[0m
[100%] Built target drone_msgs_generate_messages_py
[100%] Built target drone_msgs_generate_messages
