Symlinking /home/andres/DronKab/DroneAutTMR/devel/include/drone_msgs/PixelCoords.h
Symlinking /home/andres/DronKab/DroneAutTMR/devel/include/drone_msgs/pose_vels.h
Symlinking /home/andres/DronKab/DroneAutTMR/devel/lib/pkgconfig/drone_msgs.pc
Symlinking /home/andres/DronKab/DroneAutTMR/devel/lib/python3/dist-packages/drone_msgs/__init__.py
Symlinking /home/andres/DronKab/DroneAutTMR/devel/lib/python3/dist-packages/drone_msgs/msg/__init__.py
Symlinking /home/andres/DronKab/DroneAutTMR/devel/lib/python3/dist-packages/drone_msgs/msg/_pose_vels.py
Symlinking /home/andres/DronKab/DroneAutTMR/devel/lib/python3/dist-packages/drone_msgs/msg/_PixelCoords.py
Symlinking /home/andres/DronKab/DroneAutTMR/devel/share/gennodejs/ros/drone_msgs/_index.js
Symlinking /home/andres/DronKab/DroneAutTMR/devel/share/gennodejs/ros/drone_msgs/msg/pose_vels.js
Symlinking /home/andres/DronKab/DroneAutTMR/devel/share/gennodejs/ros/drone_msgs/msg/PixelCoords.js
Symlinking /home/andres/DronKab/DroneAutTMR/devel/share/gennodejs/ros/drone_msgs/msg/_index.js
Symlinking /home/andres/DronKab/DroneAutTMR/devel/share/roseus/ros/drone_msgs/manifest.l
Symlinking /home/andres/DronKab/DroneAutTMR/devel/share/roseus/ros/drone_msgs/msg/pose_vels.l
Symlinking /home/andres/DronKab/DroneAutTMR/devel/share/roseus/ros/drone_msgs/msg/PixelCoords.l
Symlinking /home/andres/DronKab/DroneAutTMR/devel/share/common-lisp/ros/drone_msgs/msg/drone_msgs-msg.asd
Symlinking /home/andres/DronKab/DroneAutTMR/devel/share/common-lisp/ros/drone_msgs/msg/pose_vels.lisp
Symlinking /home/andres/DronKab/DroneAutTMR/devel/share/common-lisp/ros/drone_msgs/msg/_package_pose_vels.lisp
Symlinking /home/andres/DronKab/DroneAutTMR/devel/share/common-lisp/ros/drone_msgs/msg/PixelCoords.lisp
Symlinking /home/andres/DronKab/DroneAutTMR/devel/share/common-lisp/ros/drone_msgs/msg/_package_PixelCoords.lisp
Symlinking /home/andres/DronKab/DroneAutTMR/devel/share/common-lisp/ros/drone_msgs/msg/_package.lisp
Symlinking /home/andres/DronKab/DroneAutTMR/devel/share/drone_msgs/cmake/drone_msgs-msg-extras.cmake
Symlinking /home/andres/DronKab/DroneAutTMR/devel/share/drone_msgs/cmake/drone_msgsConfig-version.cmake
Symlinking /home/andres/DronKab/DroneAutTMR/devel/share/drone_msgs/cmake/drone_msgsConfig.cmake
Symlinking /home/andres/DronKab/DroneAutTMR/devel/share/drone_msgs/cmake/drone_msgs-msg-paths.cmake
