[36m--[0m Using CATKIN_DEVEL_PREFIX: /home/andres/DronKab/DroneAutTMR/devel/.private/drone_msgs
[36m--[0m Using CMAKE_PREFIX_PATH: /home/andres/DronKab/DroneAutTMR/devel;/home/andres/catkin_ws/devel;/opt/ros/noetic
[36m--[0m This workspace overlays: /home/andres/DronKab/DroneAutTMR/devel;/home/andres/catkin_ws/devel;/opt/ros/noetic
[36m--[0m Found PythonInterp: /usr/bin/python3 (found suitable version "3.8.10", minimum required is "3")
[36m--[0m Using PYTHON_EXECUTABLE: /usr/bin/python3
[36m--[0m Using Debian Python package layout
[36m--[0m Using empy: /home/andres/.local/lib/python3.8/site-packages/em.py
[36m--[0m Using CATKIN_ENABLE_TESTING: ON
[36m--[0m Call enable_testing()
[36m--[0m Using CATKIN_TEST_RESULTS_DIR: /home/andres/DronKab/DroneAutTMR/build/drone_msgs/test_results
[36m--[0m Forcing gtest/gmock from source, though one was otherwise available.
[36m--[0m Found gtest sources under '/usr/src/googletest': gtests will be built
[36m--[0m Found gmock sources under '/usr/src/googletest': gmock will be built
[36m--[0m Found PythonInterp: /usr/bin/python3 (found version "3.8.10")
[36m--[0m Using Python nosetests: /usr/bin/nosetests3
[36m--[0m catkin 0.8.10
[36m--[0m BUILD_SHARED_LIBS is on
[36m--[0m Using these message generators: gencpp;geneus;genlisp;gennodejs;genpy
[31m[1mCMake Error[0m at /home/andres/DronKab/DroneAutTMR/build/drone_msgs/cmake/drone_msgs-genmsg.cmake:3 (message):
  Could not find messages which
  '/home/andres/DronKab/DroneAutTMR/src/drone_msgs/msg/Aruco.msg' depends on.
  Did you forget to specify generate_messages(DEPENDENCIES ...)?

  Cannot locate message [nt32] in package [drone_msgs] with paths
  [['/home/andres/DronKab/DroneAutTMR/src/drone_msgs/msg']]
[36mCall Stack (most recent call first):[0m
  /opt/ros/noetic/share/genmsg/cmake/genmsg-extras.cmake:307 (include)
  CMakeLists.txt:75 (generate_messages)


[36m--[0m Configuring incomplete, errors occurred!
See also "/home/andres/DronKab/DroneAutTMR/build/drone_msgs/CMakeFiles/CMakeOutput.log".
See also "/home/andres/DronKab/DroneAutTMR/build/drone_msgs/CMakeFiles/CMakeError.log".
make: *** [Makefile:796: cmake_check_build_system] Error 1
