Linked: (/home/andres/DronKab/DroneAutTMR/devel/.private/drone_msgs/include/drone_msgs/Cone.h, /home/andres/DronKab/DroneAutTMR/devel/include/drone_msgs/Cone.h)
Linked: (/home/andres/DronKab/DroneAutTMR/devel/.private/drone_msgs/include/drone_msgs/PixelCoords.h, /home/andres/DronKab/DroneAutTMR/devel/include/drone_msgs/PixelCoords.h)
Linked: (/home/andres/DronKab/DroneAutTMR/devel/.private/drone_msgs/include/drone_msgs/Aruco.h, /home/andres/DronKab/DroneAutTMR/devel/include/drone_msgs/Aruco.h)
Linked: (/home/andres/DronKab/DroneAutTMR/devel/.private/drone_msgs/include/drone_msgs/Window.h, /home/andres/DronKab/DroneAutTMR/devel/include/drone_msgs/Window.h)
Linked: (/home/andres/DronKab/DroneAutTMR/devel/.private/drone_msgs/include/drone_msgs/pose_vels.h, /home/andres/DronKab/DroneAutTMR/devel/include/drone_msgs/pose_vels.h)
Linked: (/home/andres/DronKab/DroneAutTMR/devel/.private/drone_msgs/lib/pkgconfig/drone_msgs.pc, /home/andres/DronKab/DroneAutTMR/devel/lib/pkgconfig/drone_msgs.pc)
Linked: (/home/andres/DronKab/DroneAutTMR/devel/.private/drone_msgs/lib/python3/dist-packages/drone_msgs/__init__.py, /home/andres/DronKab/DroneAutTMR/devel/lib/python3/dist-packages/drone_msgs/__init__.py)
Linked: (/home/andres/DronKab/DroneAutTMR/devel/.private/drone_msgs/lib/python3/dist-packages/drone_msgs/msg/__init__.py, /home/andres/DronKab/DroneAutTMR/devel/lib/python3/dist-packages/drone_msgs/msg/__init__.py)
Linked: (/home/andres/DronKab/DroneAutTMR/devel/.private/drone_msgs/lib/python3/dist-packages/drone_msgs/msg/_Window.py, /home/andres/DronKab/DroneAutTMR/devel/lib/python3/dist-packages/drone_msgs/msg/_Window.py)
Linked: (/home/andres/DronKab/DroneAutTMR/devel/.private/drone_msgs/lib/python3/dist-packages/drone_msgs/msg/_pose_vels.py, /home/andres/DronKab/DroneAutTMR/devel/lib/python3/dist-packages/drone_msgs/msg/_pose_vels.py)
Linked: (/home/andres/DronKab/DroneAutTMR/devel/.private/drone_msgs/lib/python3/dist-packages/drone_msgs/msg/_Cone.py, /home/andres/DronKab/DroneAutTMR/devel/lib/python3/dist-packages/drone_msgs/msg/_Cone.py)
Linked: (/home/andres/DronKab/DroneAutTMR/devel/.private/drone_msgs/lib/python3/dist-packages/drone_msgs/msg/_Aruco.py, /home/andres/DronKab/DroneAutTMR/devel/lib/python3/dist-packages/drone_msgs/msg/_Aruco.py)
Linked: (/home/andres/DronKab/DroneAutTMR/devel/.private/drone_msgs/lib/python3/dist-packages/drone_msgs/msg/_PixelCoords.py, /home/andres/DronKab/DroneAutTMR/devel/lib/python3/dist-packages/drone_msgs/msg/_PixelCoords.py)
Linked: (/home/andres/DronKab/DroneAutTMR/devel/.private/drone_msgs/share/gennodejs/ros/drone_msgs/_index.js, /home/andres/DronKab/DroneAutTMR/devel/share/gennodejs/ros/drone_msgs/_index.js)
Linked: (/home/andres/DronKab/DroneAutTMR/devel/.private/drone_msgs/share/gennodejs/ros/drone_msgs/msg/pose_vels.js, /home/andres/DronKab/DroneAutTMR/devel/share/gennodejs/ros/drone_msgs/msg/pose_vels.js)
Linked: (/home/andres/DronKab/DroneAutTMR/devel/.private/drone_msgs/share/gennodejs/ros/drone_msgs/msg/PixelCoords.js, /home/andres/DronKab/DroneAutTMR/devel/share/gennodejs/ros/drone_msgs/msg/PixelCoords.js)
Linked: (/home/andres/DronKab/DroneAutTMR/devel/.private/drone_msgs/share/gennodejs/ros/drone_msgs/msg/Cone.js, /home/andres/DronKab/DroneAutTMR/devel/share/gennodejs/ros/drone_msgs/msg/Cone.js)
Linked: (/home/andres/DronKab/DroneAutTMR/devel/.private/drone_msgs/share/gennodejs/ros/drone_msgs/msg/Aruco.js, /home/andres/DronKab/DroneAutTMR/devel/share/gennodejs/ros/drone_msgs/msg/Aruco.js)
Linked: (/home/andres/DronKab/DroneAutTMR/devel/.private/drone_msgs/share/gennodejs/ros/drone_msgs/msg/_index.js, /home/andres/DronKab/DroneAutTMR/devel/share/gennodejs/ros/drone_msgs/msg/_index.js)
Linked: (/home/andres/DronKab/DroneAutTMR/devel/.private/drone_msgs/share/gennodejs/ros/drone_msgs/msg/Window.js, /home/andres/DronKab/DroneAutTMR/devel/share/gennodejs/ros/drone_msgs/msg/Window.js)
Linked: (/home/andres/DronKab/DroneAutTMR/devel/.private/drone_msgs/share/roseus/ros/drone_msgs/manifest.l, /home/andres/DronKab/DroneAutTMR/devel/share/roseus/ros/drone_msgs/manifest.l)
Linked: (/home/andres/DronKab/DroneAutTMR/devel/.private/drone_msgs/share/roseus/ros/drone_msgs/msg/Window.l, /home/andres/DronKab/DroneAutTMR/devel/share/roseus/ros/drone_msgs/msg/Window.l)
Linked: (/home/andres/DronKab/DroneAutTMR/devel/.private/drone_msgs/share/roseus/ros/drone_msgs/msg/Aruco.l, /home/andres/DronKab/DroneAutTMR/devel/share/roseus/ros/drone_msgs/msg/Aruco.l)
Linked: (/home/andres/DronKab/DroneAutTMR/devel/.private/drone_msgs/share/roseus/ros/drone_msgs/msg/pose_vels.l, /home/andres/DronKab/DroneAutTMR/devel/share/roseus/ros/drone_msgs/msg/pose_vels.l)
Linked: (/home/andres/DronKab/DroneAutTMR/devel/.private/drone_msgs/share/roseus/ros/drone_msgs/msg/Cone.l, /home/andres/DronKab/DroneAutTMR/devel/share/roseus/ros/drone_msgs/msg/Cone.l)
Linked: (/home/andres/DronKab/DroneAutTMR/devel/.private/drone_msgs/share/roseus/ros/drone_msgs/msg/PixelCoords.l, /home/andres/DronKab/DroneAutTMR/devel/share/roseus/ros/drone_msgs/msg/PixelCoords.l)
Linked: (/home/andres/DronKab/DroneAutTMR/devel/.private/drone_msgs/share/common-lisp/ros/drone_msgs/msg/drone_msgs-msg.asd, /home/andres/DronKab/DroneAutTMR/devel/share/common-lisp/ros/drone_msgs/msg/drone_msgs-msg.asd)
Linked: (/home/andres/DronKab/DroneAutTMR/devel/.private/drone_msgs/share/common-lisp/ros/drone_msgs/msg/Aruco.lisp, /home/andres/DronKab/DroneAutTMR/devel/share/common-lisp/ros/drone_msgs/msg/Aruco.lisp)
Linked: (/home/andres/DronKab/DroneAutTMR/devel/.private/drone_msgs/share/common-lisp/ros/drone_msgs/msg/pose_vels.lisp, /home/andres/DronKab/DroneAutTMR/devel/share/common-lisp/ros/drone_msgs/msg/pose_vels.lisp)
Linked: (/home/andres/DronKab/DroneAutTMR/devel/.private/drone_msgs/share/common-lisp/ros/drone_msgs/msg/_package_pose_vels.lisp, /home/andres/DronKab/DroneAutTMR/devel/share/common-lisp/ros/drone_msgs/msg/_package_pose_vels.lisp)
Linked: (/home/andres/DronKab/DroneAutTMR/devel/.private/drone_msgs/share/common-lisp/ros/drone_msgs/msg/Window.lisp, /home/andres/DronKab/DroneAutTMR/devel/share/common-lisp/ros/drone_msgs/msg/Window.lisp)
Linked: (/home/andres/DronKab/DroneAutTMR/devel/.private/drone_msgs/share/common-lisp/ros/drone_msgs/msg/PixelCoords.lisp, /home/andres/DronKab/DroneAutTMR/devel/share/common-lisp/ros/drone_msgs/msg/PixelCoords.lisp)
Linked: (/home/andres/DronKab/DroneAutTMR/devel/.private/drone_msgs/share/common-lisp/ros/drone_msgs/msg/Cone.lisp, /home/andres/DronKab/DroneAutTMR/devel/share/common-lisp/ros/drone_msgs/msg/Cone.lisp)
Linked: (/home/andres/DronKab/DroneAutTMR/devel/.private/drone_msgs/share/common-lisp/ros/drone_msgs/msg/_package_PixelCoords.lisp, /home/andres/DronKab/DroneAutTMR/devel/share/common-lisp/ros/drone_msgs/msg/_package_PixelCoords.lisp)
Linked: (/home/andres/DronKab/DroneAutTMR/devel/.private/drone_msgs/share/common-lisp/ros/drone_msgs/msg/_package_Window.lisp, /home/andres/DronKab/DroneAutTMR/devel/share/common-lisp/ros/drone_msgs/msg/_package_Window.lisp)
Linked: (/home/andres/DronKab/DroneAutTMR/devel/.private/drone_msgs/share/common-lisp/ros/drone_msgs/msg/_package_Cone.lisp, /home/andres/DronKab/DroneAutTMR/devel/share/common-lisp/ros/drone_msgs/msg/_package_Cone.lisp)
Linked: (/home/andres/DronKab/DroneAutTMR/devel/.private/drone_msgs/share/common-lisp/ros/drone_msgs/msg/_package_Aruco.lisp, /home/andres/DronKab/DroneAutTMR/devel/share/common-lisp/ros/drone_msgs/msg/_package_Aruco.lisp)
Linked: (/home/andres/DronKab/DroneAutTMR/devel/.private/drone_msgs/share/common-lisp/ros/drone_msgs/msg/_package.lisp, /home/andres/DronKab/DroneAutTMR/devel/share/common-lisp/ros/drone_msgs/msg/_package.lisp)
Linked: (/home/andres/DronKab/DroneAutTMR/devel/.private/drone_msgs/share/drone_msgs/cmake/drone_msgs-msg-extras.cmake, /home/andres/DronKab/DroneAutTMR/devel/share/drone_msgs/cmake/drone_msgs-msg-extras.cmake)
Linked: (/home/andres/DronKab/DroneAutTMR/devel/.private/drone_msgs/share/drone_msgs/cmake/drone_msgsConfig-version.cmake, /home/andres/DronKab/DroneAutTMR/devel/share/drone_msgs/cmake/drone_msgsConfig-version.cmake)
Linked: (/home/andres/DronKab/DroneAutTMR/devel/.private/drone_msgs/share/drone_msgs/cmake/drone_msgsConfig.cmake, /home/andres/DronKab/DroneAutTMR/devel/share/drone_msgs/cmake/drone_msgsConfig.cmake)
Linked: (/home/andres/DronKab/DroneAutTMR/devel/.private/drone_msgs/share/drone_msgs/cmake/drone_msgs-msg-paths.cmake, /home/andres/DronKab/DroneAutTMR/devel/share/drone_msgs/cmake/drone_msgs-msg-paths.cmake)
