[35m[1mScanning dependencies of target _drone_msgs_generate_messages_check_deps_Window[0m
[  0%] Built target std_msgs_generate_messages_eus
[  0%] Built target std_msgs_generate_messages_py
[  0%] Built target std_msgs_generate_messages_lisp
[  0%] Built target std_msgs_generate_messages_nodejs
[  0%] Built target std_msgs_generate_messages_cpp
[  0%] Built target _drone_msgs_generate_messages_check_deps_PixelCoords
[  0%] Built target _drone_msgs_generate_messages_check_deps_Window
[  0%] Built target _drone_msgs_generate_messages_check_deps_pose_vels
[  5%] [34m[1mGenerating Lisp code from drone_msgs/Window.msg[0m
[ 11%] [34m[1mGenerating Python from MSG drone_msgs/Window[0m
[ 17%] [34m[1mGenerating EusLisp code from drone_msgs/Window.msg[0m
[ 23%] [34m[1mGenerating Javascript code from drone_msgs/Window.msg[0m
[ 29%] [34m[1mGenerating C++ code from drone_msgs/Window.msg[0m
[ 41%] Built target drone_msgs_generate_messages_nodejs
[ 52%] Built target drone_msgs_generate_messages_lisp
[ 70%] Built target drone_msgs_generate_messages_eus
[ 82%] Built target drone_msgs_generate_messages_cpp
[ 88%] [34m[1mGenerating Python msg __init__.py for drone_msgs[0m
[100%] Built target drone_msgs_generate_messages_py
[100%] Built target drone_msgs_generate_messages
